<?xml version="1.0" encoding="UTF-8"?>
<!-- Generated by org.testng.reporters.JUnitXMLReporter -->
<testsuite ignored="1" hostname="IBS-LAP-324" failures="0" tests="1" name="Default test" time="8.207" errors="0" timestamp="2025-10-14T10:40:48 IST">
  <testcase classname="com.api.test.CommonServiceTest.CommonAPITest" name="test_GetAllReportingMagaer" time="8.151"/>
  <testcase classname="com.api.test.CommonServiceTest.CommonAPITest" name="test_getRRFBYID" time="0.0">
    <ignored/>
  </testcase> <!-- test_getRRFBYID -->
</testsuite> <!-- Default test -->
