<?xml version="1.0" encoding="UTF-8"?>
<!-- Generated by org.testng.reporters.JUnitXMLReporter -->
<testsuite ignored="2" hostname="IBS-LAP-324" failures="0" tests="2" name="Default test" time="2.674" errors="0" timestamp="2025-10-16T19:55:21 IST">
  <testcase classname="com.api.test.departmentServiceTest.DepartmentServiceTest" name="createDepartment_test" time="2.42"/>
  <testcase classname="com.api.test.departmentServiceTest.DepartmentServiceTest" name="createDepartment_test" time="0.2"/>
  <testcase classname="com.api.test.departmentServiceTest.DepartmentServiceTest" name="getApprovedDepartmentList_test" time="0.0">
    <ignored/>
  </testcase> <!-- getApprovedDepartmentList_test -->
  <testcase classname="com.api.test.departmentServiceTest.DepartmentServiceTest" name="getAllDepartment_test" time="0.0">
    <ignored/>
  </testcase> <!-- getAllDepartment_test -->
</testsuite> <!-- Default test -->
