<?xml version="1.0" encoding="UTF-8"?>
<testng-results ignored="0" total="6" passed="6" failed="0" skipped="0">
  <reporter-output>
  </reporter-output>
  <suite started-at="2025-10-28T16:15:00 IST" name="Default suite" finished-at="2025-10-28T16:15:09 IST" duration-ms="9398">
    <groups>
    </groups>
    <test started-at="2025-10-28T16:15:00 IST" name="Default test" finished-at="2025-10-28T16:15:09 IST" duration-ms="9398">
      <class name="com.api.test.hr.PerformanceEvaluationServiceTest">
        <test-method is-config="true" signature="setup()[pri:0, instance:com.api.test.hr.PerformanceEvaluationServiceTest@765d7657]" started-at="2025-10-28T16:15:00 IST" name="setup" finished-at="2025-10-28T16:15:02 IST" duration-ms="1969" status="PASS">
          <reporter-output>
          </reporter-output>
        </test-method> <!-- setup -->
        <test-method signature="GetPendingPerformanceEvaluationData(java.lang.Boolean,int)[pri:0, instance:com.api.test.hr.PerformanceEvaluationServiceTest@765d7657]" started-at="2025-10-28T16:15:02 IST" name="GetPendingPerformanceEvaluationData" data-provider="AllCombinations" finished-at="2025-10-28T16:15:03 IST" duration-ms="707" status="PASS">
          <params>
            <param index="0">
              <value>
                <![CDATA[false]]>
              </value>
            </param>
            <param index="1">
              <value>
                <![CDATA[1]]>
              </value>
            </param>
          </params>
          <reporter-output>
          </reporter-output>
        </test-method> <!-- GetPendingPerformanceEvaluationData -->
        <test-method signature="GetPendingPerformanceEvaluationData(java.lang.Boolean,int)[pri:0, instance:com.api.test.hr.PerformanceEvaluationServiceTest@765d7657]" started-at="2025-10-28T16:15:03 IST" name="GetPendingPerformanceEvaluationData" data-provider="AllCombinations" finished-at="2025-10-28T16:15:03 IST" duration-ms="484" status="PASS">
          <params>
            <param index="0">
              <value>
                <![CDATA[false]]>
              </value>
            </param>
            <param index="1">
              <value>
                <![CDATA[2]]>
              </value>
            </param>
          </params>
          <reporter-output>
          </reporter-output>
        </test-method> <!-- GetPendingPerformanceEvaluationData -->
        <test-method signature="GetPendingPerformanceEvaluationData(java.lang.Boolean,int)[pri:0, instance:com.api.test.hr.PerformanceEvaluationServiceTest@765d7657]" started-at="2025-10-28T16:15:03 IST" name="GetPendingPerformanceEvaluationData" data-provider="AllCombinations" finished-at="2025-10-28T16:15:04 IST" duration-ms="474" status="PASS">
          <params>
            <param index="0">
              <value>
                <![CDATA[false]]>
              </value>
            </param>
            <param index="1">
              <value>
                <![CDATA[3]]>
              </value>
            </param>
          </params>
          <reporter-output>
          </reporter-output>
        </test-method> <!-- GetPendingPerformanceEvaluationData -->
        <test-method signature="GetPendingPerformanceEvaluationData(java.lang.Boolean,int)[pri:0, instance:com.api.test.hr.PerformanceEvaluationServiceTest@765d7657]" started-at="2025-10-28T16:15:04 IST" name="GetPendingPerformanceEvaluationData" data-provider="AllCombinations" finished-at="2025-10-28T16:15:06 IST" duration-ms="2010" status="PASS">
          <params>
            <param index="0">
              <value>
                <![CDATA[true]]>
              </value>
            </param>
            <param index="1">
              <value>
                <![CDATA[1]]>
              </value>
            </param>
          </params>
          <reporter-output>
          </reporter-output>
        </test-method> <!-- GetPendingPerformanceEvaluationData -->
        <test-method signature="GetPendingPerformanceEvaluationData(java.lang.Boolean,int)[pri:0, instance:com.api.test.hr.PerformanceEvaluationServiceTest@765d7657]" started-at="2025-10-28T16:15:06 IST" name="GetPendingPerformanceEvaluationData" data-provider="AllCombinations" finished-at="2025-10-28T16:15:08 IST" duration-ms="1858" status="PASS">
          <params>
            <param index="0">
              <value>
                <![CDATA[true]]>
              </value>
            </param>
            <param index="1">
              <value>
                <![CDATA[2]]>
              </value>
            </param>
          </params>
          <reporter-output>
          </reporter-output>
        </test-method> <!-- GetPendingPerformanceEvaluationData -->
        <test-method signature="GetPendingPerformanceEvaluationData(java.lang.Boolean,int)[pri:0, instance:com.api.test.hr.PerformanceEvaluationServiceTest@765d7657]" started-at="2025-10-28T16:15:08 IST" name="GetPendingPerformanceEvaluationData" data-provider="AllCombinations" finished-at="2025-10-28T16:15:09 IST" duration-ms="1854" status="PASS">
          <params>
            <param index="0">
              <value>
                <![CDATA[true]]>
              </value>
            </param>
            <param index="1">
              <value>
                <![CDATA[3]]>
              </value>
            </param>
          </params>
          <reporter-output>
          </reporter-output>
        </test-method> <!-- GetPendingPerformanceEvaluationData -->
      </class> <!-- com.api.test.hr.PerformanceEvaluationServiceTest -->
    </test> <!-- Default test -->
  </suite> <!-- Default suite -->
</testng-results>
